# JRE version: Java(TM) SE Runtime Environment (17.0.9+11) (build 17.0.9+11-LTS-201)
# Java VM: Java HotSpot(TM) 64-Bit Server VM (17.0.9+11-LTS-201, mixed mode, emulated-client, sharing, tiered, compressed oops, compressed class ptrs, g1 gc, windows-amd64)
GC Precious Log:
 CPUs: 16 total, 16 available
 Memory: 16110M
 Large Page Support: Disabled
 NUMA Support: Disabled
 Compressed Oops: Enabled (Zero based)
 Heap Region Size: 2M
 Heap Min Capacity: 8M
 Heap Initial Capacity: 252M
 Heap Max Capacity: 4028M
 Pre-touch: Disabled
 Parallel Workers: 13
 Concurrent Workers: 3
 Concurrent Refinement Workers: 13
 Periodic GC: Disabled
Heap:
 garbage-first heap   total 258048K, used 76932K [0x0000000704400000, 0x0000000800000000)
  region size 2048K, 2 young (4096K), 2 survivors (4096K)
 Metaspace       used 66159K, committed 66752K, reserved 1114112K
  class space    used 8841K, committed 9088K, reserved 1048576K
GC Heap History (20 events):
Event: 2.684 GC heap after
{Heap after GC invocations=12 (full 0):
 garbage-first heap   total 81920K, used 25810K [0x0000000704400000, 0x0000000800000000)
  region size 2048K, 2 young (4096K), 2 survivors (4096K)
 Metaspace       used 47023K, committed 47552K, reserved 1114112K
  class space    used 6294K, committed 6528K, reserved 1048576K
}
Event: 2.997 GC heap before
{Heap before GC invocations=12 (full 0):
 garbage-first heap   total 81920K, used 60626K [0x0000000704400000, 0x0000000800000000)
  region size 2048K, 20 young (40960K), 2 survivors (4096K)
 Metaspace       used 52030K, committed 52544K, reserved 1114112K
  class space    used 7005K, committed 7232K, reserved 1048576K
}
Event: 3.000 GC heap after
{Heap after GC invocations=13 (full 0):
 garbage-first heap   total 81920K, used 29432K [0x0000000704400000, 0x0000000800000000)
  region size 2048K, 2 young (4096K), 2 survivors (4096K)
 Metaspace       used 52030K, committed 52544K, reserved 1114112K
  class space    used 7005K, committed 7232K, reserved 1048576K
}
Event: 3.199 GC heap before
{Heap before GC invocations=13 (full 0):
 garbage-first heap   total 81920K, used 62200K [0x0000000704400000, 0x0000000800000000)
  region size 2048K, 18 young (36864K), 2 survivors (4096K)
 Metaspace       used 55793K, committed 56256K, reserved 1114112K
  class space    used 7505K, committed 7744K, reserved 1048576K
}
Event: 3.202 GC heap after
{Heap after GC invocations=14 (full 0):
 garbage-first heap   total 81920K, used 32049K [0x0000000704400000, 0x0000000800000000)
  region size 2048K, 2 young (4096K), 2 survivors (4096K)
 Metaspace       used 55793K, committed 56256K, reserved 1114112K
  class space    used 7505K, committed 7744K, reserved 1048576K
}
Event: 26.414 GC heap before
{Heap before GC invocations=14 (full 0):
 garbage-first heap   total 81920K, used 48433K [0x0000000704400000, 0x0000000800000000)
  region size 2048K, 12 young (24576K), 2 survivors (4096K)
 Metaspace       used 59875K, committed 60480K, reserved 1114112K
  class space    used 8002K, committed 8320K, reserved 1048576K
}
Event: 26.421 GC heap after
{Heap after GC invocations=15 (full 0):
 garbage-first heap   total 163840K, used 33395K [0x0000000704400000, 0x0000000800000000)
  region size 2048K, 2 young (4096K), 2 survivors (4096K)
 Metaspace       used 59875K, committed 60480K, reserved 1114112K
  class space    used 8002K, committed 8320K, reserved 1048576K
}
Event: 36.708 GC heap before
{Heap before GC invocations=16 (full 0):
 garbage-first heap   total 122880K, used 84595K [0x0000000704400000, 0x0000000800000000)
  region size 2048K, 17 young (34816K), 2 survivors (4096K)
 Metaspace       used 66080K, committed 66624K, reserved 1114112K
  class space    used 8822K, committed 9088K, reserved 1048576K
}
Event: 36.712 GC heap after
{Heap after GC invocations=17 (full 0):
 garbage-first heap   total 122880K, used 52237K [0x0000000704400000, 0x0000000800000000)
  region size 2048K, 4 young (8192K), 4 survivors (8192K)
 Metaspace       used 66080K, committed 66624K, reserved 1114112K
  class space    used 8822K, committed 9088K, reserved 1048576K
}
Event: 36.713 GC heap before
{Heap before GC invocations=17 (full 0):
 garbage-first heap   total 122880K, used 58381K [0x0000000704400000, 0x0000000800000000)
  region size 2048K, 4 young (8192K), 4 survivors (8192K)
 Metaspace       used 66080K, committed 66624K, reserved 1114112K
  class space    used 8822K, committed 9088K, reserved 1048576K
}
Event: 36.715 GC heap after
{Heap after GC invocations=18 (full 0):
 garbage-first heap   total 122880K, used 54335K [0x0000000704400000, 0x0000000800000000)
  region size 2048K, 3 young (6144K), 3 survivors (6144K)
 Metaspace       used 66080K, committed 66624K, reserved 1114112K
  class space    used 8822K, committed 9088K, reserved 1048576K
}
Event: 36.739 GC heap before
{Heap before GC invocations=18 (full 0):
 garbage-first heap   total 122880K, used 72767K [0x0000000704400000, 0x0000000800000000)
  region size 2048K, 3 young (6144K), 3 survivors (6144K)
 Metaspace       used 66080K, committed 66624K, reserved 1114112K
  class space    used 8822K, committed 9088K, reserved 1048576K
}
Event: 36.741 GC heap after
{Heap after GC invocations=19 (full 0):
 garbage-first heap   total 122880K, used 60661K [0x0000000704400000, 0x0000000800000000)
  region size 2048K, 2 young (4096K), 2 survivors (4096K)
 Metaspace       used 66080K, committed 66624K, reserved 1114112K
  class space    used 8822K, committed 9088K, reserved 1048576K
}
Event: 56.551 GC heap before
{Heap before GC invocations=20 (full 0):
 garbage-first heap   total 178176K, used 105717K [0x0000000704400000, 0x0000000800000000)
  region size 2048K, 6 young (12288K), 2 survivors (4096K)
 Metaspace       used 66159K, committed 66752K, reserved 1114112K
  class space    used 8841K, committed 9088K, reserved 1048576K
}
Event: 56.553 GC heap after
{Heap after GC invocations=21 (full 0):
 garbage-first heap   total 178176K, used 58669K [0x0000000704400000, 0x0000000800000000)
  region size 2048K, 3 young (6144K), 3 survivors (6144K)
 Metaspace       used 66159K, committed 66752K, reserved 1114112K
  class space    used 8841K, committed 9088K, reserved 1048576K
}
Event: 56.566 GC heap before
{Heap before GC invocations=21 (full 0):
 garbage-first heap   total 178176K, used 83245K [0x0000000704400000, 0x0000000800000000)
  region size 2048K, 4 young (8192K), 3 survivors (6144K)
 Metaspace       used 66159K, committed 66752K, reserved 1114112K
  class space    used 8841K, committed 9088K, reserved 1048576K
}
Event: 56.568 GC heap after
{Heap after GC invocations=22 (full 0):
 garbage-first heap   total 178176K, used 72998K [0x0000000704400000, 0x0000000800000000)
  region size 2048K, 2 young (4096K), 2 survivors (4096K)
 Metaspace       used 66159K, committed 66752K, reserved 1114112K
  class space    used 8841K, committed 9088K, reserved 1048576K
}
Event: 56.572 GC heap before
{Heap before GC invocations=22 (full 0):
 garbage-first heap   total 178176K, used 79142K [0x0000000704400000, 0x0000000800000000)
  region size 2048K, 2 young (4096K), 2 survivors (4096K)
 Metaspace       used 66159K, committed 66752K, reserved 1114112K
  class space    used 8841K, committed 9088K, reserved 1048576K
}
Event: 56.573 GC heap after
{Heap after GC invocations=23 (full 0):
 garbage-first heap   total 178176K, used 75004K [0x0000000704400000, 0x0000000800000000)
  region size 2048K, 2 young (4096K), 2 survivors (4096K)
 Metaspace       used 66159K, committed 66752K, reserved 1114112K
  class space    used 8841K, committed 9088K, reserved 1048576K
}
Event: 56.578 GC heap before
{Heap before GC invocations=23 (full 0):
 garbage-first heap   total 178176K, used 81148K [0x0000000704400000, 0x0000000800000000)
  region size 2048K, 2 young (4096K), 2 survivors (4096K)
 Metaspace       used 66159K, committed 66752K, reserved 1114112K
  class space    used 8841K, committed 9088K, reserved 1048576K
}

